[INFO ] 2023-12-13 12:48:46.591 [main] LoggerLoad - Inside init
[INFO ] 2023-12-13 12:48:46.593 [main] LoggerLoad - The url is: www.tarladalal.com
[INFO ] 2023-12-13 12:50:49.703 [main] LoggerLoad - Inside init
[INFO ] 2023-12-13 12:50:49.705 [main] LoggerLoad - The url is: https://www.tarladalal.com/
[INFO ] 2023-12-13 13:39:23.573 [main] LoggerLoad - Inside init
[INFO ] 2023-12-13 13:39:23.575 [main] LoggerLoad - The url is: https://www.tarladalal.com/
[INFO ] 2023-12-13 13:42:43.953 [main] LoggerLoad - Inside init
[INFO ] 2023-12-13 13:42:43.956 [main] LoggerLoad - The url is: https://www.tarladalal.com/
[INFO ] 2023-12-13 13:55:44.273 [main] LoggerLoad - Inside init
[INFO ] 2023-12-13 13:55:44.275 [main] LoggerLoad - The url is: https://www.tarladalal.com/
[INFO ] 2023-12-13 13:55:49.527 [main] LoggerLoad - Executing test to validate Home Page title...
[INFO ] 2023-12-13 13:55:49.538 [main] LoggerLoad - Title of the home page is: Indian Recipes | Indian Vegetarian Recipes | Top Indian Veg Dishes
[INFO ] 2023-12-13 13:57:23.761 [main] LoggerLoad - Inside init
[INFO ] 2023-12-13 13:57:23.764 [main] LoggerLoad - The url is: https://www.tarladalal.com/
[INFO ] 2023-12-13 13:57:28.751 [main] LoggerLoad - Executing test to validate Home Page title...
[INFO ] 2023-12-13 13:57:28.759 [main] LoggerLoad - Title of the home page is: Indian Recipes | Indian Vegetarian Recipes | Top Indian Veg Dishes
[INFO ] 2023-12-16 12:17:19.587 [main] LoggerLoad - Inside init
[INFO ] 2023-12-16 12:17:19.590 [main] LoggerLoad - The url is: https://www.tarladalal.com/
[INFO ] 2023-12-16 12:17:24.951 [main] LoggerLoad - Executing test to validate Home Page title...
[INFO ] 2023-12-16 12:17:24.975 [main] LoggerLoad - Title of the home page is: Indian Recipes | Indian Vegetarian Recipes | Top Indian Veg Dishes
[INFO ] 2023-12-16 12:24:22.835 [main] LoggerLoad - Inside init
[INFO ] 2023-12-16 12:24:22.839 [main] LoggerLoad - The url is: https://www.tarladalal.com/
[INFO ] 2023-12-16 12:24:30.624 [main] LoggerLoad - Executing test to validate Home Page title...
[INFO ] 2023-12-16 12:24:30.649 [main] LoggerLoad - Title of the home page is: Indian Recipes | Indian Vegetarian Recipes | Top Indian Veg Dishes
[INFO ] 2023-12-16 15:44:55.062 [main] LoggerLoad - Inside init
[INFO ] 2023-12-16 15:44:55.065 [main] LoggerLoad - The url is: https://www.tarladalal.com/
[INFO ] 2023-12-16 16:08:13.556 [main] LoggerLoad - Inside init
[INFO ] 2023-12-16 16:08:13.558 [main] LoggerLoad - The url is: https://www.tarladalal.com/
[INFO ] 2023-12-16 16:28:38.480 [main] LoggerLoad - Inside init
[INFO ] 2023-12-16 16:28:38.483 [main] LoggerLoad - The url is: https://www.tarladalal.com/
[INFO ] 2023-12-16 16:51:09.476 [main] LoggerLoad - Inside init
[INFO ] 2023-12-16 16:51:09.479 [main] LoggerLoad - The url is: https://www.tarladalal.com/
[INFO ] 2023-12-16 16:57:40.246 [main] LoggerLoad - Inside init
[INFO ] 2023-12-16 16:57:40.250 [main] LoggerLoad - The url is: https://www.tarladalal.com/
[INFO ] 2023-12-16 17:01:44.707 [main] LoggerLoad - Inside init
[INFO ] 2023-12-16 17:01:44.710 [main] LoggerLoad - The url is: https://www.tarladalal.com/
[INFO ] 2023-12-16 17:13:41.570 [main] LoggerLoad - Inside init
[INFO ] 2023-12-16 17:13:41.573 [main] LoggerLoad - The url is: https://www.tarladalal.com/
[INFO ] 2023-12-16 18:04:08.317 [main] LoggerLoad - Inside init
[INFO ] 2023-12-16 18:04:08.320 [main] LoggerLoad - The url is: https://www.tarladalal.com/
[INFO ] 2023-12-16 18:24:38.578 [main] LoggerLoad - Inside init
[INFO ] 2023-12-16 18:24:38.581 [main] LoggerLoad - The url is: https://www.tarladalal.com/
[INFO ] 2023-12-16 18:52:34.392 [main] LoggerLoad - Inside init
[INFO ] 2023-12-16 18:52:34.395 [main] LoggerLoad - The url is: https://www.tarladalal.com/
[INFO ] 2023-12-16 19:21:42.237 [main] LoggerLoad - Inside init
[INFO ] 2023-12-16 19:21:42.241 [main] LoggerLoad - The url is: https://www.tarladalal.com/
[INFO ] 2023-12-16 19:30:09.064 [main] LoggerLoad - Inside init
[INFO ] 2023-12-16 19:30:09.067 [main] LoggerLoad - The url is: https://www.tarladalal.com/
[INFO ] 2023-12-16 19:47:39.691 [main] LoggerLoad - Inside init
[INFO ] 2023-12-16 19:47:39.694 [main] LoggerLoad - The url is: https://www.tarladalal.com/
[INFO ] 2023-12-16 19:51:59.915 [main] LoggerLoad - Inside init
[INFO ] 2023-12-16 19:51:59.918 [main] LoggerLoad - The url is: https://www.tarladalal.com/
[INFO ] 2023-12-16 23:27:46.550 [main] LoggerLoad - Inside init
[INFO ] 2023-12-16 23:27:46.553 [main] LoggerLoad - The url is: https://www.tarladalal.com/
[INFO ] 2023-12-16 23:35:23.591 [main] LoggerLoad - Inside init
[INFO ] 2023-12-16 23:35:23.593 [main] LoggerLoad - The url is: https://www.tarladalal.com/
[INFO ] 2023-12-16 23:47:41.947 [main] LoggerLoad - Inside init
[INFO ] 2023-12-16 23:47:41.950 [main] LoggerLoad - The url is: https://www.tarladalal.com/
[INFO ] 2023-12-16 23:55:58.221 [main] LoggerLoad - Inside init
[INFO ] 2023-12-16 23:55:58.226 [main] LoggerLoad - The url is: https://www.tarladalal.com/
[INFO ] 2023-12-17 06:50:23.806 [main] LoggerLoad - Inside init
[INFO ] 2023-12-17 06:50:23.809 [main] LoggerLoad - The url is: https://www.tarladalal.com/
[INFO ] 2023-12-17 09:39:01.468 [main] LoggerLoad - Inside init
[INFO ] 2023-12-17 09:39:01.471 [main] LoggerLoad - The url is: https://www.tarladalal.com/
[INFO ] 2023-12-17 10:10:52.119 [main] LoggerLoad - Inside init
[INFO ] 2023-12-17 10:10:52.121 [main] LoggerLoad - The url is: https://www.tarladalal.com/
[INFO ] 2023-12-17 10:22:31.509 [main] LoggerLoad - Inside init
[INFO ] 2023-12-17 10:22:31.514 [main] LoggerLoad - The url is: https://www.tarladalal.com/
[INFO ] 2023-12-17 10:26:36.008 [main] LoggerLoad - Inside init
[INFO ] 2023-12-17 10:26:36.016 [main] LoggerLoad - The url is: https://www.tarladalal.com/
[INFO ] 2023-12-17 10:38:35.392 [main] LoggerLoad - Inside init
[INFO ] 2023-12-17 10:38:35.398 [main] LoggerLoad - The url is: https://www.tarladalal.com/
[INFO ] 2023-12-17 11:51:16.667 [main] LoggerLoad - Inside init
[INFO ] 2023-12-17 11:51:16.671 [main] LoggerLoad - The url is: https://www.tarladalal.com/
[INFO ] 2023-12-17 12:06:35.959 [main] LoggerLoad - Inside init
[INFO ] 2023-12-17 12:06:35.963 [main] LoggerLoad - The url is: https://www.tarladalal.com/
[INFO ] 2023-12-17 23:59:21.246 [main] LoggerLoad - Inside init
[INFO ] 2023-12-17 23:59:21.249 [main] LoggerLoad - The url is: https://www.tarladalal.com/
[INFO ] 2023-12-18 00:02:15.579 [main] LoggerLoad - Inside init
[INFO ] 2023-12-18 00:02:15.582 [main] LoggerLoad - The url is: https://www.tarladalal.com/
[INFO ] 2023-12-18 06:05:38.804 [main] LoggerLoad - Inside init
[INFO ] 2023-12-18 06:05:38.807 [main] LoggerLoad - The url is: https://www.tarladalal.com/
[INFO ] 2023-12-18 07:35:20.701 [main] LoggerLoad - Inside init
[INFO ] 2023-12-18 07:35:20.705 [main] LoggerLoad - The url is: https://www.tarladalal.com/
[INFO ] 2023-12-18 08:02:55.279 [main] LoggerLoad - Inside init
[INFO ] 2023-12-18 08:02:55.284 [main] LoggerLoad - The url is: https://www.tarladalal.com/
[INFO ] 2023-12-18 09:29:50.661 [main] LoggerLoad - Inside init
[INFO ] 2023-12-18 09:29:50.664 [main] LoggerLoad - The url is: https://www.tarladalal.com/
